<?xml version="1.0" encoding="UTF-8"?>
<testsuite name="com.reactive.ReactiveAPI.SampleWebHandlerTest" tests="1" skipped="0" failures="0" errors="0" timestamp="2023-01-10T09:11:02" hostname="gopikriothusMBP" time="0.628">
  <properties/>
  <testcase name="sampleTest()" classname="com.reactive.ReactiveAPI.SampleWebHandlerTest" time="0.628"/>
  <system-out><![CDATA[14:41:00.154 [Test worker] DEBUG org.springframework.boot.test.context.SpringBootTestContextBootstrapper - Neither @ContextConfiguration nor @ContextHierarchy found for test class [SampleWebHandlerTest]: using SpringBootContextLoader
14:41:00.160 [Test worker] DEBUG org.springframework.test.context.support.AbstractContextLoader - Could not detect default resource locations for test class [com.reactive.ReactiveAPI.SampleWebHandlerTest]: no resource found for suffixes {-context.xml, Context.groovy}.
14:41:00.161 [Test worker] INFO org.springframework.test.context.support.AnnotationConfigContextLoaderUtils - Could not detect default configuration classes for test class [com.reactive.ReactiveAPI.SampleWebHandlerTest]: SampleWebHandlerTest does not declare any static, non-private, non-final, nested classes annotated with @Configuration.
14:41:00.198 [Test worker] DEBUG org.springframework.boot.test.context.SpringBootTestContextBootstrapper - Using ContextCustomizers for test class [SampleWebHandlerTest]: [DisableObservabilityContextCustomizer, PropertyMappingContextCustomizer, Customizer, ImportsContextCustomizer, ExcludeFilterContextCustomizer, DuplicateJsonObjectContextCustomizer, MockitoContextCustomizer, TestRestTemplateContextCustomizer, WebTestClientContextCustomizer]
14:41:00.276 [Test worker] DEBUG org.springframework.context.annotation.ClassPathScanningCandidateComponentProvider - Identified candidate component class: file [/Users/gopikrishnayaramothu/projects/ReactiveAPI/build/classes/java/main/com/reactive/ReactiveApiApplication.class]
14:41:00.278 [Test worker] INFO org.springframework.boot.test.context.SpringBootTestContextBootstrapper - Found @SpringBootConfiguration com.reactive.ReactiveApiApplication for test class com.reactive.ReactiveAPI.SampleWebHandlerTest
14:41:00.364 [Test worker] DEBUG org.springframework.test.context.util.TestContextSpringFactoriesUtils - Skipping candidate TestExecutionListener [org.springframework.test.context.web.ServletTestExecutionListener] due to a missing dependency. Specify custom TestExecutionListener classes or make the default TestExecutionListener classes and their required dependencies available. Offending class: [jakarta/servlet/ServletContext]
14:41:00.377 [Test worker] DEBUG org.springframework.boot.test.context.SpringBootTestContextBootstrapper - Using TestExecutionListeners for test class [SampleWebHandlerTest]: [DirtiesContextBeforeModesTestExecutionListener, ApplicationEventsTestExecutionListener, MockitoTestExecutionListener, DependencyInjectionTestExecutionListener, DirtiesContextTestExecutionListener, TransactionalTestExecutionListener, SqlScriptsTestExecutionListener, EventPublishingTestExecutionListener, RestDocsTestExecutionListener, MockRestServiceServerResetTestExecutionListener, MockMvcPrintOnlyOnFailureTestExecutionListener, WebDriverTestExecutionListener, MockWebServiceServerTestExecutionListener, ResetMocksTestExecutionListener]
14:41:00.379 [Test worker] DEBUG org.springframework.test.context.support.AbstractDirtiesContextTestExecutionListener - Before test class: class [SampleWebHandlerTest], class annotated with @DirtiesContext [false] with mode [null]
14:41:00.392 [Test worker] DEBUG org.springframework.test.context.support.DependencyInjectionTestExecutionListener - Performing dependency injection for test class com.reactive.ReactiveAPI.SampleWebHandlerTest

  .   ____          _            __ _ _
 /\\ / ___'_ __ _ _(_)_ __  __ _ \ \ \ \
( ( )\___ | '_ | '_| | '_ \/ _` | \ \ \ \
 \\/  ___)| |_)| | | | | || (_| |  ) ) ) )
  '  |____| .__|_| |_|_| |_\__, | / / / /
 =========|_|==============|___/=/_/_/_/
 :: Spring Boot ::                (v3.0.1)

2023-01-10T14:41:00.652+05:30  INFO 16754 --- [    Test worker] c.r.ReactiveAPI.SampleWebHandlerTest     : Starting SampleWebHandlerTest using Java 19.0.1 with PID 16754 (started by gopikrishnayaramothu in /Users/gopikrishnayaramothu/projects/ReactiveAPI)
2023-01-10T14:41:00.653+05:30  INFO 16754 --- [    Test worker] c.r.ReactiveAPI.SampleWebHandlerTest     : No active profile set, falling back to 1 default profile: "default"
2023-01-10T14:41:01.152+05:30  INFO 16754 --- [    Test worker] .s.d.r.c.RepositoryConfigurationDelegate : Bootstrapping Spring Data Reactive MongoDB repositories in DEFAULT mode.
2023-01-10T14:41:01.171+05:30  INFO 16754 --- [    Test worker] .s.d.r.c.RepositoryConfigurationDelegate : Finished Spring Data repository scanning in 14 ms. Found 0 Reactive MongoDB repository interfaces.
2023-01-10T14:41:02.002+05:30  INFO 16754 --- [    Test worker] org.mongodb.driver.client                : MongoClient with metadata {"driver": {"name": "mongo-java-driver|reactive-streams|spring-boot", "version": "4.8.1"}, "os": {"type": "Darwin", "name": "Mac OS X", "architecture": "x86_64", "version": "13.1"}, "platform": "Java/Oracle Corporation/19.0.1+10-21"} created with settings MongoClientSettings{readPreference=primary, writeConcern=WriteConcern{w=null, wTimeout=null ms, journal=null}, retryWrites=true, retryReads=true, readConcern=ReadConcern{level=null}, credential=null, streamFactoryFactory=NettyStreamFactoryFactory{eventLoopGroup=io.netty.channel.nio.NioEventLoopGroup@4702e7a5, socketChannelClass=class io.netty.channel.socket.nio.NioSocketChannel, allocator=PooledByteBufAllocator(directByDefault: true), sslContext=null}, commandListeners=[], codecRegistry=ProvidersCodecRegistry{codecProviders=[ValueCodecProvider{}, BsonValueCodecProvider{}, DBRefCodecProvider{}, DBObjectCodecProvider{}, DocumentCodecProvider{}, CollectionCodecProvider{}, IterableCodecProvider{}, MapCodecProvider{}, GeoJsonCodecProvider{}, GridFSFileCodecProvider{}, Jsr310CodecProvider{}, JsonObjectCodecProvider{}, BsonCodecProvider{}, EnumCodecProvider{}, com.mongodb.Jep395RecordCodecProvider@6a2d867d]}, clusterSettings={hosts=[localhost:27017], srvServiceName=mongodb, mode=SINGLE, requiredClusterType=UNKNOWN, requiredReplicaSetName='null', serverSelector='null', clusterListeners='[]', serverSelectionTimeout='30000 ms', localThreshold='30000 ms'}, socketSettings=SocketSettings{connectTimeoutMS=10000, readTimeoutMS=0, receiveBufferSize=0, sendBufferSize=0}, heartbeatSocketSettings=SocketSettings{connectTimeoutMS=10000, readTimeoutMS=10000, receiveBufferSize=0, sendBufferSize=0}, connectionPoolSettings=ConnectionPoolSettings{maxSize=100, minSize=0, maxWaitTimeMS=120000, maxConnectionLifeTimeMS=0, maxConnectionIdleTimeMS=0, maintenanceInitialDelayMS=0, maintenanceFrequencyMS=60000, connectionPoolListeners=[], maxConnecting=2}, serverSettings=ServerSettings{heartbeatFrequencyMS=10000, minHeartbeatFrequencyMS=500, serverListeners='[]', serverMonitorListeners='[]'}, sslSettings=SslSettings{enabled=false, invalidHostNameAllowed=false, context=null}, applicationName='null', compressorList=[], uuidRepresentation=JAVA_LEGACY, serverApi=null, autoEncryptionSettings=null, contextProvider=null}
2023-01-10T14:41:02.102+05:30  INFO 16754 --- [localhost:27017] org.mongodb.driver.cluster               : Monitor thread successfully connected to server with description ServerDescription{address=localhost:27017, type=STANDALONE, state=CONNECTED, ok=true, minWireVersion=0, maxWireVersion=8, maxDocumentSize=16777216, logicalSessionTimeoutMinutes=30, roundTripTimeNanos=51900447}
2023-01-10T14:41:02.254+05:30  INFO 16754 --- [    Test worker] c.r.ReactiveAPI.SampleWebHandlerTest     : Started SampleWebHandlerTest in 1.835 seconds (process running for 3.015)
2023-01-10T14:41:02.797+05:30  INFO 16754 --- [     parallel-1] reactor.Flux.Array.1                     : | onSubscribe([Synchronous Fuseable] FluxArray.ArraySubscription)
2023-01-10T14:41:02.799+05:30  INFO 16754 --- [     parallel-1] reactor.Flux.Array.1                     : | request(1)
2023-01-10T14:41:02.799+05:30  INFO 16754 --- [     parallel-1] reactor.Flux.Array.1                     : | onNext(1)
2023-01-10T14:41:02.869+05:30  INFO 16754 --- [    Test worker] reactor.Flux.Array.1                     : | request(31)
2023-01-10T14:41:02.870+05:30  INFO 16754 --- [    Test worker] reactor.Flux.Array.1                     : | onNext(2)
2023-01-10T14:41:02.873+05:30  INFO 16754 --- [    Test worker] reactor.Flux.Array.1                     : | onNext(3)
2023-01-10T14:41:02.874+05:30  INFO 16754 --- [    Test worker] reactor.Flux.Array.1                     : | onNext(4)
2023-01-10T14:41:02.874+05:30  INFO 16754 --- [    Test worker] reactor.Flux.Array.1                     : | onComplete()
]]></system-out>
  <system-err><![CDATA[]]></system-err>
</testsuite>
